This file contains any messages produced by compilers while
running configure, to aid debugging if configure makes a mistake.

It was created by configure, which was
generated by GNU Autoconf 2.69.  Invocation command line was

  $ ./configure --enable-clock --enable-outputs --enable-unicode --enable-visualizer --with-curl --with-fftw --with-taglib

## --------- ##
## Platform. ##
## --------- ##

hostname = box
uname -m = x86_64
uname -r = 3.16.4-1-ARCH
uname -s = Linux
uname -v = #1 SMP PREEMPT Mon Oct 6 08:22:27 CEST 2014

/usr/bin/uname -p = unknown
/bin/uname -X     = unknown

/bin/arch              = unknown
/usr/bin/arch -k       = unknown
/usr/convex/getsysinfo = unknown
/usr/bin/hostinfo      = unknown
/bin/machine           = unknown
/usr/bin/oslevel       = unknown
/bin/universe          = unknown

PATH: /home/dpayne/perl5/bin
PATH: /usr/local/bin
PATH: /opt/local/bin
PATH: /opt/local/sbin
PATH: /bin
PATH: /System/Library/Frameworks/JavaVM.framework/Versions/1.6/Home/bin
PATH: /Users/dpayne/pear/bin
PATH: /Library/PostgreSQL/bin
PATH: /usr/local/share/npm/bin
PATH: /opt/citrusleaf/bin
PATH: /opt/local/bin
PATH: /bin
PATH: /usr/bin
PATH: /usr/local/bin
PATH: /Users/dpayne/bin
PATH: /usr/X11/bin
PATH: /usr/local/git/bin
PATH: /usr/local/sbin
PATH: /usr/local/share/python/
PATH: /usr/local/bin
PATH: /usr/local/sbin
PATH: /usr/bin
PATH: /usr/bin/site_perl
PATH: /usr/bin/vendor_perl
PATH: /usr/bin/core_perl


## ----------- ##
## Core tests. ##
## ----------- ##

configure:2431: checking for a BSD-compatible install
configure:2499: result: /bin/install -c
configure:2510: checking whether build environment is sane
configure:2565: result: yes
configure:2716: checking for a thread-safe mkdir -p
configure:2755: result: /bin/mkdir -p
configure:2762: checking for gawk
configure:2778: found /bin/gawk
configure:2789: result: gawk
configure:2800: checking whether make sets $(MAKE)
configure:2822: result: yes
configure:2851: checking whether make supports nested variables
configure:2868: result: yes
configure:3061: checking for g++
configure:3077: found /bin/g++
configure:3088: result: g++
configure:3115: checking for C++ compiler version
configure:3124: g++ --version >&5
g++ (GCC) 4.9.1 20140903 (prerelease)
Copyright (C) 2014 Free Software Foundation, Inc.
This is free software; see the source for copying conditions.  There is NO
warranty; not even for MERCHANTABILITY or FITNESS FOR A PARTICULAR PURPOSE.

configure:3135: $? = 0
configure:3124: g++ -v >&5
Using built-in specs.
COLLECT_GCC=g++
COLLECT_LTO_WRAPPER=/usr/lib/gcc/x86_64-unknown-linux-gnu/4.9.1/lto-wrapper
Target: x86_64-unknown-linux-gnu
Configured with: /build/gcc/src/gcc-4.9-20140903/configure --prefix=/usr --libdir=/usr/lib --libexecdir=/usr/lib --mandir=/usr/share/man --infodir=/usr/share/info --with-bugurl=https://bugs.archlinux.org/ --enable-languages=c,c++,ada,fortran,go,lto,objc,obj-c++ --enable-shared --enable-threads=posix --with-system-zlib --enable-__cxa_atexit --disable-libunwind-exceptions --enable-clocale=gnu --disable-libstdcxx-pch --disable-libssp --enable-gnu-unique-object --enable-linker-build-id --enable-cloog-backend=isl --disable-isl-version-check --disable-cloog-version-check --enable-lto --enable-plugin --enable-install-libiberty --with-linker-hash-style=gnu --disable-multilib --disable-werror --enable-checking=release
Thread model: posix
gcc version 4.9.1 20140903 (prerelease) (GCC) 
configure:3135: $? = 0
configure:3124: g++ -V >&5
g++: error: unrecognized command line option '-V'
g++: fatal error: no input files
compilation terminated.
configure:3135: $? = 1
configure:3124: g++ -qversion >&5
g++: error: unrecognized command line option '-qversion'
g++: fatal error: no input files
compilation terminated.
configure:3135: $? = 1
configure:3155: checking whether the C++ compiler works
configure:3177: g++    conftest.cpp  >&5
configure:3181: $? = 0
configure:3229: result: yes
configure:3232: checking for C++ compiler default output file name
configure:3234: result: a.out
configure:3240: checking for suffix of executables
configure:3247: g++ -o conftest    conftest.cpp  >&5
configure:3251: $? = 0
configure:3273: result: 
configure:3295: checking whether we are cross compiling
configure:3303: g++ -o conftest    conftest.cpp  >&5
configure:3307: $? = 0
configure:3314: ./conftest
configure:3318: $? = 0
configure:3333: result: no
configure:3338: checking for suffix of object files
configure:3360: g++ -c   conftest.cpp >&5
configure:3364: $? = 0
configure:3385: result: o
configure:3389: checking whether we are using the GNU C++ compiler
configure:3408: g++ -c   conftest.cpp >&5
configure:3408: $? = 0
configure:3417: result: yes
configure:3426: checking whether g++ accepts -g
configure:3446: g++ -c -g  conftest.cpp >&5
configure:3446: $? = 0
configure:3487: result: yes
configure:3521: checking for style of include used by make
configure:3549: result: GNU
configure:3575: checking dependency style of g++
configure:3686: result: gcc3
configure:3730: checking build system type
configure:3744: result: x86_64-unknown-linux-gnu
configure:3764: checking host system type
configure:3777: result: x86_64-unknown-linux-gnu
configure:3818: checking how to print strings
configure:3845: result: printf
configure:3914: checking for gcc
configure:3930: found /bin/gcc
configure:3941: result: gcc
configure:4170: checking for C compiler version
configure:4179: gcc --version >&5
gcc (GCC) 4.9.1 20140903 (prerelease)
Copyright (C) 2014 Free Software Foundation, Inc.
This is free software; see the source for copying conditions.  There is NO
warranty; not even for MERCHANTABILITY or FITNESS FOR A PARTICULAR PURPOSE.

configure:4190: $? = 0
configure:4179: gcc -v >&5
Using built-in specs.
COLLECT_GCC=gcc
COLLECT_LTO_WRAPPER=/usr/lib/gcc/x86_64-unknown-linux-gnu/4.9.1/lto-wrapper
Target: x86_64-unknown-linux-gnu
Configured with: /build/gcc/src/gcc-4.9-20140903/configure --prefix=/usr --libdir=/usr/lib --libexecdir=/usr/lib --mandir=/usr/share/man --infodir=/usr/share/info --with-bugurl=https://bugs.archlinux.org/ --enable-languages=c,c++,ada,fortran,go,lto,objc,obj-c++ --enable-shared --enable-threads=posix --with-system-zlib --enable-__cxa_atexit --disable-libunwind-exceptions --enable-clocale=gnu --disable-libstdcxx-pch --disable-libssp --enable-gnu-unique-object --enable-linker-build-id --enable-cloog-backend=isl --disable-isl-version-check --disable-cloog-version-check --enable-lto --enable-plugin --enable-install-libiberty --with-linker-hash-style=gnu --disable-multilib --disable-werror --enable-checking=release
Thread model: posix
gcc version 4.9.1 20140903 (prerelease) (GCC) 
configure:4190: $? = 0
configure:4179: gcc -V >&5
gcc: error: unrecognized command line option '-V'
gcc: fatal error: no input files
compilation terminated.
configure:4190: $? = 1
configure:4179: gcc -qversion >&5
gcc: error: unrecognized command line option '-qversion'
gcc: fatal error: no input files
compilation terminated.
configure:4190: $? = 1
configure:4194: checking whether we are using the GNU C compiler
configure:4213: gcc -c   conftest.c >&5
configure:4213: $? = 0
configure:4222: result: yes
configure:4231: checking whether gcc accepts -g
configure:4251: gcc -c -g  conftest.c >&5
configure:4251: $? = 0
configure:4292: result: yes
configure:4309: checking for gcc option to accept ISO C89
configure:4372: gcc  -c -g -O2  conftest.c >&5
configure:4372: $? = 0
configure:4385: result: none needed
configure:4410: checking whether gcc understands -c and -o together
configure:4432: gcc -c conftest.c -o conftest2.o
configure:4435: $? = 0
configure:4432: gcc -c conftest.c -o conftest2.o
configure:4435: $? = 0
configure:4447: result: yes
configure:4466: checking dependency style of gcc
configure:4577: result: gcc3
configure:4592: checking for a sed that does not truncate output
configure:4656: result: /bin/sed
configure:4674: checking for grep that handles long lines and -e
configure:4732: result: /bin/grep
configure:4737: checking for egrep
configure:4799: result: /bin/grep -E
configure:4804: checking for fgrep
configure:4866: result: /bin/grep -F
configure:4901: checking for ld used by gcc
configure:4968: result: /bin/ld
configure:4975: checking if the linker (/bin/ld) is GNU ld
configure:4990: result: yes
configure:5002: checking for BSD- or MS-compatible name lister (nm)
configure:5051: result: /bin/nm -B
configure:5181: checking the name lister (/bin/nm -B) interface
configure:5188: g++ -c -g -O2  conftest.cpp >&5
configure:5191: /bin/nm -B "conftest.o"
configure:5194: output
0000000000000000 B some_variable
configure:5201: result: BSD nm
configure:5204: checking whether ln -s works
configure:5208: result: yes
configure:5216: checking the maximum length of command line arguments
configure:5346: result: 1572864
configure:5363: checking whether the shell understands some XSI constructs
configure:5373: result: yes
configure:5377: checking whether the shell understands "+="
configure:5383: result: yes
configure:5418: checking how to convert x86_64-unknown-linux-gnu file names to x86_64-unknown-linux-gnu format
configure:5458: result: func_convert_file_noop
configure:5465: checking how to convert x86_64-unknown-linux-gnu file names to toolchain format
configure:5485: result: func_convert_file_noop
configure:5492: checking for /bin/ld option to reload object files
configure:5499: result: -r
configure:5573: checking for objdump
configure:5589: found /bin/objdump
configure:5600: result: objdump
configure:5632: checking how to recognize dependent libraries
configure:5834: result: pass_all
configure:5919: checking for dlltool
configure:5949: result: no
configure:5979: checking how to associate runtime and link libraries
configure:6006: result: printf %s\n
configure:6067: checking for ar
configure:6083: found /bin/ar
configure:6094: result: ar
configure:6131: checking for archiver @FILE support
configure:6148: g++ -c -g -O2  conftest.cpp >&5
configure:6148: $? = 0
configure:6151: ar cru libconftest.a @conftest.lst >&5
configure:6154: $? = 0
configure:6159: ar cru libconftest.a @conftest.lst >&5
ar: conftest.o: No such file or directory
configure:6162: $? = 1
configure:6174: result: @
configure:6232: checking for strip
configure:6248: found /bin/strip
configure:6259: result: strip
configure:6331: checking for ranlib
configure:6347: found /bin/ranlib
configure:6358: result: ranlib
configure:6460: checking command to parse /bin/nm -B output from gcc object
configure:6580: g++ -c -g -O2  conftest.cpp >&5
configure:6583: $? = 0
configure:6587: /bin/nm -B conftest.o \| sed -n -e 's/^.*[ ]\([ABCDGIRSTW][ABCDGIRSTW]*\)[ ][ ]*\([_A-Za-z][_A-Za-z0-9]*\)$/\1 \2 \2/p' | sed '/ __gnu_lto/d' \> conftest.nm
configure:6590: $? = 0
configure:6656: g++ -o conftest -g -O2   conftest.cpp conftstm.o >&5
configure:6659: $? = 0
configure:6697: result: ok
configure:6734: checking for sysroot
configure:6764: result: no
configure:6842: g++ -c -g -O2  conftest.cpp >&5
configure:6845: $? = 0
configure:7021: checking for mt
configure:7051: result: no
configure:7071: checking if : is a manifest tool
configure:7077: : '-?'
configure:7085: result: no
configure:7727: checking how to run the C preprocessor
configure:7758: gcc -E  conftest.c
configure:7758: $? = 0
configure:7772: gcc -E  conftest.c
conftest.c:11:28: fatal error: ac_nonexistent.h: No such file or directory
 #include <ac_nonexistent.h>
                            ^
compilation terminated.
configure:7772: $? = 1
configure: failed program was:
| /* confdefs.h */
| #define PACKAGE_NAME ""
| #define PACKAGE_TARNAME ""
| #define PACKAGE_VERSION ""
| #define PACKAGE_STRING ""
| #define PACKAGE_BUGREPORT ""
| #define PACKAGE_URL ""
| #define PACKAGE "ncmpcpp"
| #define VERSION "0.6_beta5"
| /* end confdefs.h.  */
| #include <ac_nonexistent.h>
configure:7797: result: gcc -E
configure:7817: gcc -E  conftest.c
configure:7817: $? = 0
configure:7831: gcc -E  conftest.c
conftest.c:11:28: fatal error: ac_nonexistent.h: No such file or directory
 #include <ac_nonexistent.h>
                            ^
compilation terminated.
configure:7831: $? = 1
configure: failed program was:
| /* confdefs.h */
| #define PACKAGE_NAME ""
| #define PACKAGE_TARNAME ""
| #define PACKAGE_VERSION ""
| #define PACKAGE_STRING ""
| #define PACKAGE_BUGREPORT ""
| #define PACKAGE_URL ""
| #define PACKAGE "ncmpcpp"
| #define VERSION "0.6_beta5"
| /* end confdefs.h.  */
| #include <ac_nonexistent.h>
configure:7860: checking for ANSI C header files
configure:7880: gcc -c -g -O2  conftest.c >&5
configure:7880: $? = 0
configure:7953: gcc -o conftest -g -O2   conftest.c  >&5
configure:7953: $? = 0
configure:7953: ./conftest
configure:7953: $? = 0
configure:7964: result: yes
configure:7977: checking for sys/types.h
configure:7977: gcc -c -g -O2  conftest.c >&5
configure:7977: $? = 0
configure:7977: result: yes
configure:7977: checking for sys/stat.h
configure:7977: gcc -c -g -O2  conftest.c >&5
configure:7977: $? = 0
configure:7977: result: yes
configure:7977: checking for stdlib.h
configure:7977: gcc -c -g -O2  conftest.c >&5
configure:7977: $? = 0
configure:7977: result: yes
configure:7977: checking for string.h
configure:7977: gcc -c -g -O2  conftest.c >&5
configure:7977: $? = 0
configure:7977: result: yes
configure:7977: checking for memory.h
configure:7977: gcc -c -g -O2  conftest.c >&5
configure:7977: $? = 0
configure:7977: result: yes
configure:7977: checking for strings.h
configure:7977: gcc -c -g -O2  conftest.c >&5
configure:7977: $? = 0
configure:7977: result: yes
configure:7977: checking for inttypes.h
configure:7977: gcc -c -g -O2  conftest.c >&5
configure:7977: $? = 0
configure:7977: result: yes
configure:7977: checking for stdint.h
configure:7977: gcc -c -g -O2  conftest.c >&5
configure:7977: $? = 0
configure:7977: result: yes
configure:7977: checking for unistd.h
configure:7977: gcc -c -g -O2  conftest.c >&5
configure:7977: $? = 0
configure:7977: result: yes
configure:7991: checking for dlfcn.h
configure:7991: gcc -c -g -O2  conftest.c >&5
configure:7991: $? = 0
configure:7991: result: yes
configure:8207: checking for objdir
configure:8222: result: .libs
configure:8489: checking if gcc supports -fno-rtti -fno-exceptions
configure:8507: gcc -c -g -O2  -fno-rtti -fno-exceptions conftest.c >&5
cc1: warning: command line option '-fno-rtti' is valid for C++/ObjC++ but not for C
configure:8511: $? = 0
configure:8524: result: no
configure:8851: checking for gcc option to produce PIC
configure:8858: result: -fPIC -DPIC
configure:8866: checking if gcc PIC flag -fPIC -DPIC works
configure:8884: gcc -c -g -O2  -fPIC -DPIC -DPIC conftest.c >&5
configure:8888: $? = 0
configure:8901: result: yes
configure:8930: checking if gcc static flag -static works
configure:8958: result: yes
configure:8973: checking if gcc supports -c -o file.o
configure:8994: gcc -c -g -O2  -o out/conftest2.o conftest.c >&5
configure:8998: $? = 0
configure:9020: result: yes
configure:9028: checking if gcc supports -c -o file.o
configure:9075: result: yes
configure:9108: checking whether the gcc linker (/bin/ld -m elf_x86_64) supports shared libraries
configure:10261: result: yes
configure:10298: checking whether -lc should be explicitly linked in
configure:10306: gcc -c -g -O2  conftest.c >&5
configure:10309: $? = 0
configure:10324: gcc -shared  -fPIC -DPIC conftest.o  -v -Wl,-soname -Wl,conftest -o conftest 2\>\&1 \| /bin/grep  -lc  \>/dev/null 2\>\&1
configure:10327: $? = 0
configure:10341: result: no
configure:10501: checking dynamic linker characteristics
configure:11012: gcc -o conftest -g -O2   -Wl,-rpath -Wl,/foo conftest.c  >&5
configure:11012: $? = 0
configure:11234: result: GNU/Linux ld.so
configure:11341: checking how to hardcode library paths into programs
configure:11366: result: immediate
configure:11906: checking whether stripping libraries is possible
configure:11911: result: yes
configure:11946: checking if libtool supports shared libraries
configure:11948: result: yes
configure:11951: checking whether to build shared libraries
configure:11972: result: yes
configure:11975: checking whether to build static libraries
configure:11979: result: yes
configure:12002: checking how to run the C++ preprocessor
configure:12029: g++ -E  conftest.cpp
configure:12029: $? = 0
configure:12043: g++ -E  conftest.cpp
conftest.cpp:23:28: fatal error: ac_nonexistent.h: No such file or directory
 #include <ac_nonexistent.h>
                            ^
compilation terminated.
configure:12043: $? = 1
configure: failed program was:
| /* confdefs.h */
| #define PACKAGE_NAME ""
| #define PACKAGE_TARNAME ""
| #define PACKAGE_VERSION ""
| #define PACKAGE_STRING ""
| #define PACKAGE_BUGREPORT ""
| #define PACKAGE_URL ""
| #define PACKAGE "ncmpcpp"
| #define VERSION "0.6_beta5"
| #define STDC_HEADERS 1
| #define HAVE_SYS_TYPES_H 1
| #define HAVE_SYS_STAT_H 1
| #define HAVE_STDLIB_H 1
| #define HAVE_STRING_H 1
| #define HAVE_MEMORY_H 1
| #define HAVE_STRINGS_H 1
| #define HAVE_INTTYPES_H 1
| #define HAVE_STDINT_H 1
| #define HAVE_UNISTD_H 1
| #define HAVE_DLFCN_H 1
| #define LT_OBJDIR ".libs/"
| /* end confdefs.h.  */
| #include <ac_nonexistent.h>
configure:12068: result: g++ -E
configure:12088: g++ -E  conftest.cpp
configure:12088: $? = 0
configure:12102: g++ -E  conftest.cpp
conftest.cpp:23:28: fatal error: ac_nonexistent.h: No such file or directory
 #include <ac_nonexistent.h>
                            ^
compilation terminated.
configure:12102: $? = 1
configure: failed program was:
| /* confdefs.h */
| #define PACKAGE_NAME ""
| #define PACKAGE_TARNAME ""
| #define PACKAGE_VERSION ""
| #define PACKAGE_STRING ""
| #define PACKAGE_BUGREPORT ""
| #define PACKAGE_URL ""
| #define PACKAGE "ncmpcpp"
| #define VERSION "0.6_beta5"
| #define STDC_HEADERS 1
| #define HAVE_SYS_TYPES_H 1
| #define HAVE_SYS_STAT_H 1
| #define HAVE_STDLIB_H 1
| #define HAVE_STRING_H 1
| #define HAVE_MEMORY_H 1
| #define HAVE_STRINGS_H 1
| #define HAVE_INTTYPES_H 1
| #define HAVE_STDINT_H 1
| #define HAVE_UNISTD_H 1
| #define HAVE_DLFCN_H 1
| #define LT_OBJDIR ".libs/"
| /* end confdefs.h.  */
| #include <ac_nonexistent.h>
configure:12271: checking for ld used by g++
configure:12338: result: /bin/ld -m elf_x86_64
configure:12345: checking if the linker (/bin/ld -m elf_x86_64) is GNU ld
configure:12360: result: yes
configure:12415: checking whether the g++ linker (/bin/ld -m elf_x86_64) supports shared libraries
configure:13420: result: yes
configure:13456: g++ -c -g -O2  conftest.cpp >&5
configure:13459: $? = 0
configure:13979: checking for g++ option to produce PIC
configure:13986: result: -fPIC -DPIC
configure:13994: checking if g++ PIC flag -fPIC -DPIC works
configure:14012: g++ -c -g -O2  -fPIC -DPIC -DPIC conftest.cpp >&5
configure:14016: $? = 0
configure:14029: result: yes
configure:14052: checking if g++ static flag -static works
configure:14080: result: yes
configure:14092: checking if g++ supports -c -o file.o
configure:14113: g++ -c -g -O2  -o out/conftest2.o conftest.cpp >&5
configure:14117: $? = 0
configure:14139: result: yes
configure:14144: checking if g++ supports -c -o file.o
configure:14191: result: yes
configure:14221: checking whether the g++ linker (/bin/ld -m elf_x86_64) supports shared libraries
configure:14257: result: yes
configure:14398: checking dynamic linker characteristics
configure:15065: result: GNU/Linux ld.so
configure:15118: checking how to hardcode library paths into programs
configure:15143: result: immediate
configure:15278: checking whether compiler supports -std=c++0x
configure:15293: g++ -c -std=c++0x  conftest.cpp >&5
configure:15293: $? = 0
configure:15294: result: yes
configure:15306: checking whether compiler supports initializer lists
configure:15319: g++ -c -g -O2 -std=c++0x  conftest.cpp >&5
configure:15319: $? = 0
configure:15320: result: yes
configure:15330: checking whether compiler supports auto keyword
configure:15343: g++ -c -g -O2 -std=c++0x  conftest.cpp >&5
configure:15343: $? = 0
configure:15344: result: yes
configure:15354: checking whether compiler supports lambda functions
configure:15367: g++ -c -g -O2 -std=c++0x  conftest.cpp >&5
configure:15367: $? = 0
configure:15368: result: yes
configure:15378: checking whether calling derived member function passed to lambda without explicit this usage works 
configure:15391: g++ -c -g -O2 -std=c++0x  conftest.cpp >&5
configure:15391: $? = 0
configure:15392: result: yes
configure:15403: checking whether compiler supports override keyword
configure:15416: g++ -c -g -O2 -std=c++0x  conftest.cpp >&5
configure:15416: $? = 0
configure:15417: result: yes
configure:15437: checking boost/bind.hpp usability
configure:15437: g++ -c -g -O2 -std=c++0x  conftest.cpp >&5
configure:15437: $? = 0
configure:15437: result: yes
configure:15437: checking boost/bind.hpp presence
configure:15437: g++ -E  conftest.cpp
configure:15437: $? = 0
configure:15437: result: yes
configure:15437: checking for boost/bind.hpp
configure:15437: result: yes
configure:15451: checking boost/lexical_cast.hpp usability
configure:15451: g++ -c -g -O2 -std=c++0x  conftest.cpp >&5
configure:15451: $? = 0
configure:15451: result: yes
configure:15451: checking boost/lexical_cast.hpp presence
configure:15451: g++ -E  conftest.cpp
configure:15451: $? = 0
configure:15451: result: yes
configure:15451: checking for boost/lexical_cast.hpp
configure:15451: result: yes
configure:15465: checking boost/algorithm/string.hpp usability
configure:15465: g++ -c -g -O2 -std=c++0x  conftest.cpp >&5
configure:15465: $? = 0
configure:15465: result: yes
configure:15465: checking boost/algorithm/string.hpp presence
configure:15465: g++ -E  conftest.cpp
configure:15465: $? = 0
configure:15465: result: yes
configure:15465: checking for boost/algorithm/string.hpp
configure:15465: result: yes
configure:15480: checking boost/filesystem.hpp usability
configure:15480: g++ -c -g -O2 -std=c++0x  conftest.cpp >&5
configure:15480: $? = 0
configure:15480: result: yes
configure:15480: checking boost/filesystem.hpp presence
configure:15480: g++ -E  conftest.cpp
configure:15480: $? = 0
configure:15480: result: yes
configure:15480: checking for boost/filesystem.hpp
configure:15480: result: yes
configure:15494: checking for main in -lboost_filesystem
configure:15513: g++ -o conftest -g -O2 -std=c++0x   conftest.cpp -lboost_filesystem   >&5
configure:15513: $? = 0
configure:15523: result: yes
configure:15533: checking for main in -lboost_system
configure:15552: g++ -o conftest -g -O2 -std=c++0x   -lboost_filesystem conftest.cpp -lboost_system   >&5
configure:15552: $? = 0
configure:15562: result: yes
configure:15574: checking boost/format.hpp usability
configure:15574: g++ -c -g -O2 -std=c++0x  conftest.cpp >&5
configure:15574: $? = 0
configure:15574: result: yes
configure:15574: checking boost/format.hpp presence
configure:15574: g++ -E  conftest.cpp
configure:15574: $? = 0
configure:15574: result: yes
configure:15574: checking for boost/format.hpp
configure:15574: result: yes
configure:15590: checking boost/locale.hpp usability
configure:15590: g++ -c -g -O2 -std=c++0x  conftest.cpp >&5
configure:15590: $? = 0
configure:15590: result: yes
configure:15590: checking boost/locale.hpp presence
configure:15590: g++ -E  conftest.cpp
configure:15590: $? = 0
configure:15590: result: yes
configure:15590: checking for boost/locale.hpp
configure:15590: result: yes
configure:15604: checking for main in -lboost_locale
configure:15623: g++ -o conftest -g -O2 -std=c++0x   -lboost_filesystem -lboost_system conftest.cpp -lboost_locale   >&5
configure:15623: $? = 0
configure:15633: result: yes
configure:15645: checking boost/date_time/posix_time/posix_time.hpp usability
configure:15645: g++ -c -g -O2 -std=c++0x  conftest.cpp >&5
configure:15645: $? = 0
configure:15645: result: yes
configure:15645: checking boost/date_time/posix_time/posix_time.hpp presence
configure:15645: g++ -E  conftest.cpp
configure:15645: $? = 0
configure:15645: result: yes
configure:15645: checking for boost/date_time/posix_time/posix_time.hpp
configure:15645: result: yes
configure:15661: checking boost/program_options.hpp usability
configure:15661: g++ -c -g -O2 -std=c++0x  conftest.cpp >&5
configure:15661: $? = 0
configure:15661: result: yes
configure:15661: checking boost/program_options.hpp presence
configure:15661: g++ -E  conftest.cpp
configure:15661: $? = 0
configure:15661: result: yes
configure:15661: checking for boost/program_options.hpp
configure:15661: result: yes
configure:15675: checking for main in -lboost_program_options
configure:15694: g++ -o conftest -g -O2 -std=c++0x   -lboost_filesystem -lboost_system -lboost_locale conftest.cpp -lboost_program_options   >&5
configure:15694: $? = 0
configure:15704: result: yes
configure:15716: checking boost/regex.hpp usability
configure:15716: g++ -c -g -O2 -std=c++0x  conftest.cpp >&5
configure:15716: $? = 0
configure:15716: result: yes
configure:15716: checking boost/regex.hpp presence
configure:15716: g++ -E  conftest.cpp
configure:15716: $? = 0
configure:15716: result: yes
configure:15716: checking for boost/regex.hpp
configure:15716: result: yes
configure:15730: checking for main in -lboost_regex
configure:15749: g++ -o conftest -g -O2 -std=c++0x   -lboost_filesystem -lboost_system -lboost_locale -lboost_program_options conftest.cpp -lboost_regex   >&5
configure:15749: $? = 0
configure:15759: result: yes
configure:15774: checking boost/thread.hpp usability
configure:15774: g++ -c -g -O2 -std=c++0x  conftest.cpp >&5
configure:15774: $? = 0
configure:15774: result: yes
configure:15774: checking boost/thread.hpp presence
configure:15774: g++ -E  conftest.cpp
configure:15774: $? = 0
configure:15774: result: yes
configure:15774: checking for boost/thread.hpp
configure:15774: result: yes
configure:15788: checking for main in -lboost_thread
configure:15807: g++ -o conftest -g -O2 -std=c++0x   -lboost_filesystem -lboost_system -lboost_locale -lboost_program_options -lboost_regex conftest.cpp -lboost_thread   >&5
configure:15807: $? = 0
configure:15817: result: yes
configure:15827: checking for regcomp in -lregex
configure:15852: g++ -o conftest -g -O2 -std=c++0x   -lboost_filesystem -lboost_system -lboost_locale -lboost_program_options -lboost_regex -lboost_thread conftest.cpp -lregex   >&5
/bin/ld: cannot find -lregex
collect2: error: ld returned 1 exit status
configure:15852: $? = 1
configure: failed program was:
| /* confdefs.h */
| #define PACKAGE_NAME ""
| #define PACKAGE_TARNAME ""
| #define PACKAGE_VERSION ""
| #define PACKAGE_STRING ""
| #define PACKAGE_BUGREPORT ""
| #define PACKAGE_URL ""
| #define PACKAGE "ncmpcpp"
| #define VERSION "0.6_beta5"
| #define STDC_HEADERS 1
| #define HAVE_SYS_TYPES_H 1
| #define HAVE_SYS_STAT_H 1
| #define HAVE_STDLIB_H 1
| #define HAVE_STRING_H 1
| #define HAVE_MEMORY_H 1
| #define HAVE_STRINGS_H 1
| #define HAVE_INTTYPES_H 1
| #define HAVE_STDINT_H 1
| #define HAVE_UNISTD_H 1
| #define HAVE_DLFCN_H 1
| #define LT_OBJDIR ".libs/"
| #define ENABLE_OUTPUTS 1
| #define ENABLE_CLOCK 1
| #define OVERRIDE override
| #define HAVE_BOOST_BIND_HPP 1
| #define HAVE_BOOST_LEXICAL_CAST_HPP 1
| #define HAVE_BOOST_ALGORITHM_STRING_HPP 1
| #define HAVE_BOOST_FILESYSTEM_HPP 1
| #define HAVE_BOOST_FORMAT_HPP 1
| #define HAVE_BOOST_LOCALE_HPP 1
| #define HAVE_BOOST_DATE_TIME_POSIX_TIME_POSIX_TIME_HPP 1
| #define HAVE_BOOST_PROGRAM_OPTIONS_HPP 1
| #define HAVE_BOOST_REGEX_HPP 1
| #define BOOST_THREAD_VERSION 3
| #define HAVE_BOOST_THREAD_HPP 1
| /* end confdefs.h.  */
| 
| /* Override any GCC internal prototype to avoid an error.
|    Use char because int might match the return type of a GCC
|    builtin and then its argument prototype would still apply.  */
| #ifdef __cplusplus
| extern "C"
| #endif
| char regcomp ();
| int
| main ()
| {
| return regcomp ();
|   ;
|   return 0;
| }
configure:15861: result: no
configure:15871: checking netinet/tcp.h usability
configure:15871: g++ -c -g -O2 -std=c++0x  conftest.cpp >&5
configure:15871: $? = 0
configure:15871: result: yes
configure:15871: checking netinet/tcp.h presence
configure:15871: g++ -E  conftest.cpp
configure:15871: $? = 0
configure:15871: result: yes
configure:15871: checking for netinet/tcp.h
configure:15871: result: yes
configure:15871: checking netinet/in.h usability
configure:15871: g++ -c -g -O2 -std=c++0x  conftest.cpp >&5
configure:15871: $? = 0
configure:15871: result: yes
configure:15871: checking netinet/in.h presence
configure:15871: g++ -E  conftest.cpp
configure:15871: $? = 0
configure:15871: result: yes
configure:15871: checking for netinet/in.h
configure:15871: result: yes
configure:15885: checking langinfo.h usability
configure:15885: g++ -c -g -O2 -std=c++0x  conftest.cpp >&5
configure:15885: $? = 0
configure:15885: result: yes
configure:15885: checking langinfo.h presence
configure:15885: g++ -E  conftest.cpp
configure:15885: $? = 0
configure:15885: result: yes
configure:15885: checking for langinfo.h
configure:15885: result: yes
configure:15953: checking for pkg-config
configure:15971: found /bin/pkg-config
configure:15983: result: /bin/pkg-config
configure:16008: checking pkg-config is at least version 0.9.0
configure:16011: result: yes
configure:16021: checking for libmpdclient
configure:16028: $PKG_CONFIG --exists --print-errors "libmpdclient >= 2.8"
configure:16031: $? = 0
configure:16045: $PKG_CONFIG --exists --print-errors "libmpdclient >= 2.8"
configure:16048: $? = 0
configure:16088: result: yes
configure:16096: checking mpd/client.h usability
configure:16096: g++ -c -g -O2 -std=c++0x   conftest.cpp >&5
configure:16096: $? = 0
configure:16096: result: yes
configure:16096: checking mpd/client.h presence
configure:16096: g++ -E   conftest.cpp
configure:16096: $? = 0
configure:16096: result: yes
configure:16096: checking for mpd/client.h
configure:16096: result: yes
configure:16116: checking readline/readline.h usability
configure:16116: g++ -c -g -O2 -std=c++0x   conftest.cpp >&5
configure:16116: $? = 0
configure:16116: result: yes
configure:16116: checking readline/readline.h presence
configure:16116: g++ -E   conftest.cpp
configure:16116: $? = 0
configure:16116: result: yes
configure:16116: checking for readline/readline.h
configure:16116: result: yes
configure:16121: checking for rl_initialize in -lreadline
configure:16146: g++ -o conftest -g -O2 -std=c++0x    -lboost_filesystem -lboost_system -lboost_locale -lboost_program_options -lboost_regex -lboost_thread -lmpdclient  conftest.cpp -lreadline   >&5
configure:16146: $? = 0
configure:16155: result: yes
configure:16116: checking readline/history.h usability
configure:16116: g++ -c -g -O2 -std=c++0x   conftest.cpp >&5
configure:16116: $? = 0
configure:16116: result: yes
configure:16116: checking readline/history.h presence
configure:16116: g++ -E   conftest.cpp
configure:16116: $? = 0
configure:16116: result: yes
configure:16116: checking for readline/history.h
configure:16116: result: yes
configure:16121: checking for rl_initialize in -lreadline
configure:16155: result: yes
configure:16172: checking pthread.h usability
configure:16172: g++ -c -g -O2 -std=c++0x   conftest.cpp >&5
configure:16172: $? = 0
configure:16172: result: yes
configure:16172: checking pthread.h presence
configure:16172: g++ -E   conftest.cpp
configure:16172: $? = 0
configure:16172: result: yes
configure:16172: checking for pthread.h
configure:16172: result: yes
configure:16177: checking for pthread_create in -lpthread
configure:16202: g++ -o conftest -g -O2 -std=c++0x    -lboost_filesystem -lboost_system -lboost_locale -lboost_program_options -lboost_regex -lboost_thread -lmpdclient  -lreadline -lreadline conftest.cpp -lpthread   >&5
configure:16202: $? = 0
configure:16211: result: yes
configure:16249: checking for ncursesw6-config
configure:16282: result: no
configure:16249: checking for ncursesw5-config
configure:16267: found /bin/ncursesw5-config
configure:16279: result: /bin/ncursesw5-config
configure:16295: checking for initscr in -lncursesw
configure:16320: g++ -o conftest -g -O2 -std=c++0x     -lboost_filesystem -lboost_system -lboost_locale -lboost_program_options -lboost_regex -lboost_thread -lmpdclient  -lreadline -lreadline -lpthread -L/usr/lib -lncursesw conftest.cpp -lncursesw   >&5
configure:16320: $? = 0
configure:16329: result: yes
configure:16342: checking for initscr in -lncursesw
configure:16367: g++ -o conftest -g -O2 -std=c++0x     -lboost_filesystem -lboost_system -lboost_locale -lboost_program_options -lboost_regex -lboost_thread -lmpdclient  -lreadline -lreadline -lpthread -L/usr/lib -lncursesw conftest.cpp -lncursesw   >&5
configure:16367: $? = 0
configure:16377: result: yes
configure:16437: checking curses.h usability
configure:16437: g++ -c -g -O2 -std=c++0x    conftest.cpp >&5
configure:16437: $? = 0
configure:16437: result: yes
configure:16437: checking curses.h presence
configure:16437: g++ -E    conftest.cpp
configure:16437: $? = 0
configure:16437: result: yes
configure:16437: checking for curses.h
configure:16437: result: yes
configure:16454: checking for fftw3
configure:16461: $PKG_CONFIG --exists --print-errors "fftw3 >= 3"
configure:16464: $? = 0
configure:16478: $PKG_CONFIG --exists --print-errors "fftw3 >= 3"
configure:16481: $? = 0
configure:16525: result: yes
configure:16533: checking fftw3.h usability
configure:16533: g++ -c -g -O2 -std=c++0x     conftest.cpp >&5
configure:16533: $? = 0
configure:16533: result: yes
configure:16533: checking fftw3.h presence
configure:16533: g++ -E     conftest.cpp
configure:16533: $? = 0
configure:16533: result: yes
configure:16533: checking for fftw3.h
configure:16533: result: yes
configure:16560: checking for curl-config
configure:16578: found /bin/curl-config
configure:16590: result: /bin/curl-config
configure:16600: checking for curl_easy_init in -lcurl
configure:16625: g++ -o conftest -g -O2 -std=c++0x       -lboost_filesystem -lboost_system -lboost_locale -lboost_program_options -lboost_regex -lboost_thread -lmpdclient  -lreadline -lreadline -lpthread -L/usr/lib -lncursesw -lfftw3  conftest.cpp -lcurl   >&5
configure:16625: $? = 0
configure:16634: result: yes
configure:16647: checking curl/curl.h usability
configure:16647: g++ -c -g -O2 -std=c++0x      conftest.cpp >&5
configure:16647: $? = 0
configure:16647: result: yes
configure:16647: checking curl/curl.h presence
configure:16647: g++ -E      conftest.cpp
configure:16647: $? = 0
configure:16647: result: yes
configure:16647: checking for curl/curl.h
configure:16647: result: yes
configure:16714: checking for taglib-config
configure:16732: found /bin/taglib-config
configure:16744: result: /bin/taglib-config
configure:16757: checking taglib.h usability
configure:16757: g++ -c -g -O2 -std=c++0x      -I/usr/include/taglib conftest.cpp >&5
configure:16757: $? = 0
configure:16757: result: yes
configure:16757: checking taglib.h presence
configure:16757: g++ -E      -I/usr/include/taglib conftest.cpp
configure:16757: $? = 0
configure:16757: result: yes
configure:16757: checking for taglib.h
configure:16757: result: yes
configure:16890: checking that generated files are newer than configure
configure:16896: result: done
configure:16923: creating ./config.status

## ---------------------- ##
## Running config.status. ##
## ---------------------- ##

This file was extended by config.status, which was
generated by GNU Autoconf 2.69.  Invocation command line was

  CONFIG_FILES    = 
  CONFIG_HEADERS  = 
  CONFIG_LINKS    = 
  CONFIG_COMMANDS = 
  $ ./config.status 

on box

config.status:1184: creating Makefile
config.status:1184: creating src/Makefile
config.status:1184: creating doc/Makefile
config.status:1184: creating config.h
config.status:1413: executing depfiles commands
config.status:1413: executing libtool commands

## ---------------- ##
## Cache variables. ##
## ---------------- ##

ac_cv_build=x86_64-unknown-linux-gnu
ac_cv_c_compiler_gnu=yes
ac_cv_cxx_compiler_gnu=yes
ac_cv_env_BOOST_LIB_SUFFIX_set=
ac_cv_env_BOOST_LIB_SUFFIX_value=
ac_cv_env_CCC_set=
ac_cv_env_CCC_value=
ac_cv_env_CC_set=
ac_cv_env_CC_value=
ac_cv_env_CFLAGS_set=
ac_cv_env_CFLAGS_value=
ac_cv_env_CPPFLAGS_set=
ac_cv_env_CPPFLAGS_value=
ac_cv_env_CPP_set=
ac_cv_env_CPP_value=
ac_cv_env_CXXCPP_set=
ac_cv_env_CXXCPP_value=
ac_cv_env_CXXFLAGS_set=
ac_cv_env_CXXFLAGS_value=
ac_cv_env_CXX_set=
ac_cv_env_CXX_value=
ac_cv_env_LDFLAGS_set=
ac_cv_env_LDFLAGS_value=
ac_cv_env_LIBS_set=
ac_cv_env_LIBS_value=
ac_cv_env_PKG_CONFIG_LIBDIR_set=
ac_cv_env_PKG_CONFIG_LIBDIR_value=
ac_cv_env_PKG_CONFIG_PATH_set=
ac_cv_env_PKG_CONFIG_PATH_value=
ac_cv_env_PKG_CONFIG_set=
ac_cv_env_PKG_CONFIG_value=
ac_cv_env_build_alias_set=
ac_cv_env_build_alias_value=
ac_cv_env_fftw3_CFLAGS_set=
ac_cv_env_fftw3_CFLAGS_value=
ac_cv_env_fftw3_LIBS_set=
ac_cv_env_fftw3_LIBS_value=
ac_cv_env_host_alias_set=
ac_cv_env_host_alias_value=
ac_cv_env_libmpdclient_CFLAGS_set=
ac_cv_env_libmpdclient_CFLAGS_value=
ac_cv_env_libmpdclient_LIBS_set=
ac_cv_env_libmpdclient_LIBS_value=
ac_cv_env_target_alias_set=
ac_cv_env_target_alias_value=
ac_cv_header_boost_algorithm_string_hpp=yes
ac_cv_header_boost_bind_hpp=yes
ac_cv_header_boost_date_time_posix_time_posix_time_hpp=yes
ac_cv_header_boost_filesystem_hpp=yes
ac_cv_header_boost_format_hpp=yes
ac_cv_header_boost_lexical_cast_hpp=yes
ac_cv_header_boost_locale_hpp=yes
ac_cv_header_boost_program_options_hpp=yes
ac_cv_header_boost_regex_hpp=yes
ac_cv_header_boost_thread_hpp=yes
ac_cv_header_curl_curl_h=yes
ac_cv_header_curses_h=yes
ac_cv_header_dlfcn_h=yes
ac_cv_header_fftw3_h=yes
ac_cv_header_inttypes_h=yes
ac_cv_header_langinfo_h=yes
ac_cv_header_memory_h=yes
ac_cv_header_mpd_client_h=yes
ac_cv_header_netinet_in_h=yes
ac_cv_header_netinet_tcp_h=yes
ac_cv_header_pthread_h=yes
ac_cv_header_readline_history_h=yes
ac_cv_header_readline_readline_h=yes
ac_cv_header_stdc=yes
ac_cv_header_stdint_h=yes
ac_cv_header_stdlib_h=yes
ac_cv_header_string_h=yes
ac_cv_header_strings_h=yes
ac_cv_header_sys_stat_h=yes
ac_cv_header_sys_types_h=yes
ac_cv_header_taglib_h=yes
ac_cv_header_unistd_h=yes
ac_cv_host=x86_64-unknown-linux-gnu
ac_cv_lib_boost_filesystem___main=yes
ac_cv_lib_boost_locale___main=yes
ac_cv_lib_boost_program_options___main=yes
ac_cv_lib_boost_regex___main=yes
ac_cv_lib_boost_system___main=yes
ac_cv_lib_boost_thread___main=yes
ac_cv_lib_curl_curl_easy_init=yes
ac_cv_lib_ncursesw___initscr=yes
ac_cv_lib_ncursesw_initscr=yes
ac_cv_lib_pthread_pthread_create=yes
ac_cv_lib_readline_rl_initialize=yes
ac_cv_lib_regex_regcomp=no
ac_cv_objext=o
ac_cv_path_CURL_CONFIG=/bin/curl-config
ac_cv_path_CURSES_CONFIG=/bin/ncursesw5-config
ac_cv_path_EGREP='/bin/grep -E'
ac_cv_path_FGREP='/bin/grep -F'
ac_cv_path_GREP=/bin/grep
ac_cv_path_SED=/bin/sed
ac_cv_path_TAGLIB_CONFIG=/bin/taglib-config
ac_cv_path_ac_pt_PKG_CONFIG=/bin/pkg-config
ac_cv_path_install='/bin/install -c'
ac_cv_path_mkdir=/bin/mkdir
ac_cv_prog_AWK=gawk
ac_cv_prog_CPP='gcc -E'
ac_cv_prog_CXXCPP='g++ -E'
ac_cv_prog_ac_ct_AR=ar
ac_cv_prog_ac_ct_CC=gcc
ac_cv_prog_ac_ct_CXX=g++
ac_cv_prog_ac_ct_OBJDUMP=objdump
ac_cv_prog_ac_ct_RANLIB=ranlib
ac_cv_prog_ac_ct_STRIP=strip
ac_cv_prog_cc_c89=
ac_cv_prog_cc_g=yes
ac_cv_prog_cxx_g=yes
ac_cv_prog_make_make_set=yes
am_cv_CC_dependencies_compiler_type=gcc3
am_cv_CXX_dependencies_compiler_type=gcc3
am_cv_make_support_nested_variables=yes
am_cv_prog_cc_c_o=yes
lt_cv_ar_at_file=@
lt_cv_archive_cmds_need_lc=no
lt_cv_deplibs_check_method=pass_all
lt_cv_file_magic_cmd='$MAGIC_CMD'
lt_cv_file_magic_test_file=
lt_cv_ld_reload_flag=-r
lt_cv_nm_interface='BSD nm'
lt_cv_objdir=.libs
lt_cv_path_LD=/bin/ld
lt_cv_path_LDCXX='/bin/ld -m elf_x86_64'
lt_cv_path_NM='/bin/nm -B'
lt_cv_path_mainfest_tool=no
lt_cv_prog_compiler_c_o=yes
lt_cv_prog_compiler_c_o_CXX=yes
lt_cv_prog_compiler_pic='-fPIC -DPIC'
lt_cv_prog_compiler_pic_CXX='-fPIC -DPIC'
lt_cv_prog_compiler_pic_works=yes
lt_cv_prog_compiler_pic_works_CXX=yes
lt_cv_prog_compiler_rtti_exceptions=no
lt_cv_prog_compiler_static_works=yes
lt_cv_prog_compiler_static_works_CXX=yes
lt_cv_prog_gnu_ld=yes
lt_cv_prog_gnu_ldcxx=yes
lt_cv_sharedlib_from_linklib_cmd='printf %s\n'
lt_cv_shlibpath_overrides_runpath=no
lt_cv_sys_global_symbol_pipe='sed -n -e '\''s/^.*[	 ]\([ABCDGIRSTW][ABCDGIRSTW]*\)[	 ][	 ]*\([_A-Za-z][_A-Za-z0-9]*\)$/\1 \2 \2/p'\'' | sed '\''/ __gnu_lto/d'\'''
lt_cv_sys_global_symbol_to_c_name_address='sed -n -e '\''s/^: \([^ ]*\)[ ]*$/  {\"\1\", (void *) 0},/p'\'' -e '\''s/^[ABCDGIRSTW]* \([^ ]*\) \([^ ]*\)$/  {"\2", (void *) \&\2},/p'\'''
lt_cv_sys_global_symbol_to_c_name_address_lib_prefix='sed -n -e '\''s/^: \([^ ]*\)[ ]*$/  {\"\1\", (void *) 0},/p'\'' -e '\''s/^[ABCDGIRSTW]* \([^ ]*\) \(lib[^ ]*\)$/  {"\2", (void *) \&\2},/p'\'' -e '\''s/^[ABCDGIRSTW]* \([^ ]*\) \([^ ]*\)$/  {"lib\2", (void *) \&\2},/p'\'''
lt_cv_sys_global_symbol_to_cdecl='sed -n -e '\''s/^T .* \(.*\)$/extern int \1();/p'\'' -e '\''s/^[ABCDGIRSTW]* .* \(.*\)$/extern char \1;/p'\'''
lt_cv_sys_max_cmd_len=1572864
lt_cv_to_host_file_cmd=func_convert_file_noop
lt_cv_to_tool_file_cmd=func_convert_file_noop
pkg_cv_fftw3_CFLAGS=
pkg_cv_fftw3_LIBS='-lfftw3 '
pkg_cv_libmpdclient_CFLAGS=
pkg_cv_libmpdclient_LIBS='-lmpdclient '

## ----------------- ##
## Output variables. ##
## ----------------- ##

ACLOCAL='${SHELL} /home/dpayne/Workspace/ncmpcpp/missing aclocal-1.14'
AMDEPBACKSLASH='\'
AMDEP_FALSE='#'
AMDEP_TRUE=''
AMTAR='$${TAR-tar}'
AM_BACKSLASH='\'
AM_DEFAULT_V='$(AM_DEFAULT_VERBOSITY)'
AM_DEFAULT_VERBOSITY='1'
AM_V='$(V)'
AR='ar'
AUTOCONF='${SHELL} /home/dpayne/Workspace/ncmpcpp/missing autoconf'
AUTOHEADER='${SHELL} /home/dpayne/Workspace/ncmpcpp/missing autoheader'
AUTOMAKE='${SHELL} /home/dpayne/Workspace/ncmpcpp/missing automake-1.14'
AWK='gawk'
BOOST_LIB_SUFFIX=''
CC='gcc'
CCDEPMODE='depmode=gcc3'
CFLAGS='-g -O2'
CPP='gcc -E'
CPPFLAGS='     -I/usr/include/taglib'
CURL_CONFIG='/bin/curl-config'
CURSES_CONFIG='/bin/ncursesw5-config'
CXX='g++'
CXXCPP='g++ -E'
CXXDEPMODE='depmode=gcc3'
CXXFLAGS='-g -O2 -std=c++0x'
CYGPATH_W='echo'
DEFS='-DHAVE_CONFIG_H'
DEPDIR='.deps'
DLLTOOL='false'
DSYMUTIL=''
DUMPBIN=''
ECHO_C=''
ECHO_N='-n'
ECHO_T=''
EGREP='/bin/grep -E'
EXEEXT=''
FGREP='/bin/grep -F'
GREP='/bin/grep'
INSTALL_DATA='${INSTALL} -m 644'
INSTALL_PROGRAM='${INSTALL}'
INSTALL_SCRIPT='${INSTALL}'
INSTALL_STRIP_PROGRAM='$(install_sh) -c -s'
LD='/bin/ld -m elf_x86_64'
LDFLAGS=' -lboost_filesystem -lboost_system -lboost_locale -lboost_program_options -lboost_regex -lboost_thread -lmpdclient  -lreadline -lreadline -lpthread -L/usr/lib -lncursesw -lfftw3  -lcurl -L/usr/lib -ltag'
LIBOBJS=''
LIBS=''
LIBTOOL='$(SHELL) $(top_builddir)/libtool'
LIPO=''
LN_S='ln -s'
LTLIBOBJS=''
MAKEINFO='${SHELL} /home/dpayne/Workspace/ncmpcpp/missing makeinfo'
MANIFEST_TOOL=':'
MKDIR_P='/bin/mkdir -p'
NM='/bin/nm -B'
NMEDIT=''
OBJDUMP='objdump'
OBJEXT='o'
OTOOL64=''
OTOOL=''
PACKAGE='ncmpcpp'
PACKAGE_BUGREPORT=''
PACKAGE_NAME=''
PACKAGE_STRING=''
PACKAGE_TARNAME=''
PACKAGE_URL=''
PACKAGE_VERSION=''
PATH_SEPARATOR=':'
PKG_CONFIG='/bin/pkg-config'
PKG_CONFIG_LIBDIR=''
PKG_CONFIG_PATH=''
RANLIB='ranlib'
SED='/bin/sed'
SET_MAKE=''
SHELL='/bin/sh'
STRIP='strip'
TAGLIB_CONFIG='/bin/taglib-config'
VERSION='0.6_beta5'
ac_ct_AR='ar'
ac_ct_CC='gcc'
ac_ct_CXX='g++'
ac_ct_DUMPBIN=''
am__EXEEXT_FALSE=''
am__EXEEXT_TRUE='#'
am__fastdepCC_FALSE='#'
am__fastdepCC_TRUE=''
am__fastdepCXX_FALSE='#'
am__fastdepCXX_TRUE=''
am__include='include'
am__isrc=''
am__leading_dot='.'
am__nodep='_no'
am__quote=''
am__tar='$${TAR-tar} chof - "$$tardir"'
am__untar='$${TAR-tar} xf -'
bindir='${exec_prefix}/bin'
build='x86_64-unknown-linux-gnu'
build_alias=''
build_cpu='x86_64'
build_os='linux-gnu'
build_vendor='unknown'
datadir='${datarootdir}'
datarootdir='${prefix}/share'
docdir='${datarootdir}/doc/${PACKAGE}'
dvidir='${docdir}'
exec_prefix='${prefix}'
fftw3_CFLAGS=''
fftw3_LIBS='-lfftw3 '
host='x86_64-unknown-linux-gnu'
host_alias=''
host_cpu='x86_64'
host_os='linux-gnu'
host_vendor='unknown'
htmldir='${docdir}'
includedir='${prefix}/include'
infodir='${datarootdir}/info'
install_sh='${SHELL} /home/dpayne/Workspace/ncmpcpp/install-sh'
libdir='${exec_prefix}/lib'
libexecdir='${exec_prefix}/libexec'
libmpdclient_CFLAGS=''
libmpdclient_LIBS='-lmpdclient '
localedir='${datarootdir}/locale'
localstatedir='${prefix}/var'
mandir='${datarootdir}/man'
mkdir_p='$(MKDIR_P)'
oldincludedir='/usr/include'
pdfdir='${docdir}'
prefix='/usr/local'
program_transform_name='s,x,x,'
psdir='${docdir}'
sbindir='${exec_prefix}/sbin'
sharedstatedir='${prefix}/com'
sysconfdir='${prefix}/etc'
target_alias=''

## ----------- ##
## confdefs.h. ##
## ----------- ##

/* confdefs.h */
#define PACKAGE_NAME ""
#define PACKAGE_TARNAME ""
#define PACKAGE_VERSION ""
#define PACKAGE_STRING ""
#define PACKAGE_BUGREPORT ""
#define PACKAGE_URL ""
#define PACKAGE "ncmpcpp"
#define VERSION "0.6_beta5"
#define STDC_HEADERS 1
#define HAVE_SYS_TYPES_H 1
#define HAVE_SYS_STAT_H 1
#define HAVE_STDLIB_H 1
#define HAVE_STRING_H 1
#define HAVE_MEMORY_H 1
#define HAVE_STRINGS_H 1
#define HAVE_INTTYPES_H 1
#define HAVE_STDINT_H 1
#define HAVE_UNISTD_H 1
#define HAVE_DLFCN_H 1
#define LT_OBJDIR ".libs/"
#define ENABLE_OUTPUTS 1
#define ENABLE_CLOCK 1
#define OVERRIDE override
#define HAVE_BOOST_BIND_HPP 1
#define HAVE_BOOST_LEXICAL_CAST_HPP 1
#define HAVE_BOOST_ALGORITHM_STRING_HPP 1
#define HAVE_BOOST_FILESYSTEM_HPP 1
#define HAVE_BOOST_FORMAT_HPP 1
#define HAVE_BOOST_LOCALE_HPP 1
#define HAVE_BOOST_DATE_TIME_POSIX_TIME_POSIX_TIME_HPP 1
#define HAVE_BOOST_PROGRAM_OPTIONS_HPP 1
#define HAVE_BOOST_REGEX_HPP 1
#define BOOST_THREAD_VERSION 3
#define HAVE_BOOST_THREAD_HPP 1
#define HAVE_NETINET_TCP_H 1
#define HAVE_NETINET_IN_H 1
#define HAVE_LANGINFO_H 1
#define HAVE_MPD_CLIENT_H 1
#define HAVE_READLINE_READLINE_H 1
#define HAVE_READLINE_HISTORY_H 1
#define HAVE_PTHREAD_H 1
#define NCMPCPP_UNICODE 1
#define HAVE_CURSES_H 1
#define HAVE_FFTW3_H 1
#define ENABLE_VISUALIZER 1
#define HAVE_CURL_CURL_H 1
#define HAVE_TAGLIB_H 1

configure: exit 0
